[0417/024028.473:ERROR:process_reader_win.cc(123)] NtOpenThread: {Access Denied} A process has requested access to an object, but has not been granted those access rights. (0xc0000022)
[0417/024028.473:ERROR:process_reader_win.cc(123)] NtOpenThread: {Access Denied} A process has requested access to an object, but has not been granted those access rights. (0xc0000022)
[0417/024029.473:ERROR:exception_snapshot_win.cc(98)] thread ID 13624 not found in process
[0417/024028.473:ERROR:process_reader_win.cc(123)] NtOpenThread: {Access Denied} A process has requested access to an object, but has not been granted those access rights. (0xc0000022)
[0417/024029.473:ERROR:exception_snapshot_win.cc(98)] thread ID 13620 not found in process
[0417/024029.473:ERROR:exception_snapshot_win.cc(98)] thread ID 13632 not found in process
[0421/010142.137:ERROR:process_info.cc(329)] VirtualQueryEx: Access is denied. (0x5)
[0421/010142.574:ERROR:process_info.cc(556)] ReadMemoryInfo failed
[0421/010142.199:ERROR:process_reader_win.cc(123)] NtOpenThread: {Access Denied} A process has requested access to an object, but has not been granted those access rights. (0xc0000022)
[0421/010142.027:ERROR:process_reader_win.cc(123)] NtOpenThread: {Access Denied} A process has requested access to an object, but has not been granted those access rights. (0xc0000022)
[0421/010142.105:ERROR:process_reader_win.cc(123)] NtOpenThread: {Access Denied} A process has requested access to an object, but has not been granted those access rights. (0xc0000022)
[0421/010142.183:ERROR:process_reader_win.cc(123)] NtOpenThread: {Access Denied} A process has requested access to an object, but has not been granted those access rights. (0xc0000022)
[0421/010142.606:ERROR:exception_snapshot_win.cc(98)] thread ID 10896 not found in process
[0421/010142.606:ERROR:exception_snapshot_win.cc(98)] thread ID 13432 not found in process
[0421/010142.606:ERROR:exception_snapshot_win.cc(98)] thread ID 10200 not found in process
[0421/010142.606:ERROR:exception_snapshot_win.cc(98)] thread ID 11540 not found in process
[0421/010142.574:ERROR:scoped_process_suspend.cc(40)] NtResumeProcess: An attempt was made to access an exiting process. (0xc000010a)
[0421/010142.606:ERROR:scoped_process_suspend.cc(40)] NtResumeProcess: An attempt was made to access an exiting process. (0xc000010a)
[0421/010142.606:ERROR:scoped_process_suspend.cc(40)] NtResumeProcess: An attempt was made to access an exiting process. (0xc000010a)
[0421/010142.606:ERROR:scoped_process_suspend.cc(40)] NtResumeProcess: An attempt was made to access an exiting process. (0xc000010a)
[0421/010142.606:ERROR:scoped_process_suspend.cc(40)] NtResumeProcess: An attempt was made to access an exiting process. (0xc000010a)
